<?xml version="1.0" encoding="UTF-8"?>
<coverage generated="1712000348398" clover="4.4.1">
   <project name="app" timestamp="1712000347694">
      <metrics coveredelements="1800" complexity="370" loc="4432" methods="179" classes="34" statements="1396" packages="2" coveredconditionals="266" coveredmethods="175" elements="1847" ncloc="3037" files="33" conditionals="272" coveredstatements="1359"/>
      <package name="edu.duke.zg73.battleship.Utils">
         <metrics coveredelements="0" complexity="12" loc="118" methods="4" classes="1" statements="37" coveredconditionals="0" coveredmethods="0" elements="47" ncloc="65" files="1" conditionals="6" coveredstatements="0"/>
         <file path="/Users/zxg/University/Graduate/ECE651/ECE651_homework/s24-hwk2-Zixu-Geng/app/src/main/java/edu/duke/zg73/battleship/Utils/CommunicateUtils.java" name="CommunicateUtils.java">
            <metrics coveredelements="0" coveredconditionals="0" complexity="12" loc="118" coveredmethods="0" methods="4" elements="47" classes="1" ncloc="65" statements="37" conditionals="6" coveredstatements="0"/>
            <class name="CommunicateUtils">
               <metrics coveredelements="0" coveredconditionals="0" complexity="12" coveredmethods="0" methods="4" elements="47" statements="37" conditionals="6" coveredstatements="0"/>
            </class>
            <line complexity="3" visibility="public" signature="send(String,Socket,Serializable) : void" num="18" count="0" type="method"/>
            <line num="19" count="0" type="stmt"/>
            <line num="20" count="0" type="stmt"/>
            <line num="22" count="0" type="stmt"/>
            <line falsecount="0" truecount="0" num="22" type="cond"/>
            <line num="23" count="0" type="stmt"/>
            <line num="24" count="0" type="stmt"/>
            <line num="26" count="0" type="stmt"/>
            <line num="27" count="0" type="stmt"/>
            <line num="29" count="0" type="stmt"/>
            <line num="31" count="0" type="stmt"/>
            <line complexity="5" visibility="public" signature="recv(String,Socket) : Object" num="46" count="0" type="method"/>
            <line num="47" count="0" type="stmt"/>
            <line num="48" count="0" type="stmt"/>
            <line num="49" count="0" type="stmt"/>
            <line num="52" count="0" type="stmt"/>
            <line num="54" count="0" type="stmt"/>
            <line falsecount="0" truecount="0" num="54" type="cond"/>
            <line num="55" count="0" type="stmt"/>
            <line num="57" count="0" type="stmt"/>
            <line falsecount="0" truecount="0" num="57" type="cond"/>
            <line num="58" count="0" type="stmt"/>
            <line num="59" count="0" type="stmt"/>
            <line num="60" count="0" type="stmt"/>
            <line num="61" count="0" type="stmt"/>
            <line num="63" count="0" type="stmt"/>
            <line num="66" count="0" type="stmt"/>
            <line num="67" count="0" type="stmt"/>
            <line complexity="2" visibility="public" signature="receiveDecryptedObject(Socket) : Object" num="83" count="0" type="method"/>
            <line num="84" count="0" type="stmt"/>
            <line num="85" count="0" type="stmt"/>
            <line num="86" count="0" type="stmt"/>
            <line num="87" count="0" type="stmt"/>
            <line num="89" count="0" type="stmt"/>
            <line num="90" count="0" type="stmt"/>
            <line complexity="2" visibility="public" signature="sendEncryptedObject(Socket,Serializable) : String" num="100" count="0" type="method"/>
            <line num="101" count="0" type="stmt"/>
            <line num="102" count="0" type="stmt"/>
            <line num="103" count="0" type="stmt"/>
            <line num="104" count="0" type="stmt"/>
            <line num="105" count="0" type="stmt"/>
            <line num="109" count="0" type="stmt"/>
            <line num="110" count="0" type="stmt"/>
            <line num="112" count="0" type="stmt"/>
         </file>
      </package>
      <package name="edu.duke.zg73.battleship">
         <metrics coveredelements="1800" complexity="358" loc="4314" methods="175" classes="33" statements="1359" coveredconditionals="266" coveredmethods="175" elements="1800" ncloc="2972" files="32" conditionals="266" coveredstatements="1359"/>
         <file path="/Users/zxg/University/Graduate/ECE651/ECE651_homework/s24-hwk2-Zixu-Geng/app/src/main/java/edu/duke/zg73/battleship/ShipDisplayInfo.java" name="ShipDisplayInfo.java">
            <metrics coveredelements="0" coveredconditionals="0" complexity="0" loc="5" coveredmethods="0" methods="0" elements="0" classes="1" ncloc="4" statements="0" conditionals="0" coveredstatements="0"/>
            <class name="ShipDisplayInfo">
               <metrics coveredelements="0" coveredconditionals="0" complexity="0" coveredmethods="0" methods="0" elements="0" statements="0" conditionals="0" coveredstatements="0"/>
            </class>
         </file>
         <file path="/Users/zxg/University/Graduate/ECE651/ECE651_homework/s24-hwk2-Zixu-Geng/app/src/main/java/edu/duke/zg73/battleship/PlacementRuleChecker.java" name="PlacementRuleChecker.java">
            <metrics coveredelements="12" coveredconditionals="4" complexity="4" loc="35" coveredmethods="2" methods="2" elements="12" classes="1" ncloc="17" statements="6" conditionals="4" coveredstatements="6"/>
            <class name="PlacementRuleChecker">
               <metrics coveredelements="12" coveredconditionals="4" complexity="4" coveredmethods="2" methods="2" elements="12" statements="6" conditionals="4" coveredstatements="6"/>
            </class>
            <line complexity="1" visibility="public" signature="PlacementRuleChecker(PlacementRuleChecker&lt;T&gt;)" num="5" count="181" type="method"/>
            <line num="6" count="181" type="stmt"/>
            <line complexity="3" visibility="public" signature="checkPlacement(Ship&lt;T&gt;,Board&lt;T&gt;) : String" num="17" count="589" type="method"/>
            <line num="20" count="589" type="stmt"/>
            <line falsecount="443" truecount="146" num="20" type="cond"/>
            <line num="21" count="146" type="stmt"/>
            <line num="25" count="443" type="stmt"/>
            <line falsecount="189" truecount="254" num="25" type="cond"/>
            <line num="26" count="254" type="stmt"/>
            <line num="29" count="189" type="stmt"/>
         </file>
         <file path="/Users/zxg/University/Graduate/ECE651/ECE651_homework/s24-hwk2-Zixu-Geng/app/src/main/java/edu/duke/zg73/battleship/ShapedShip.java" name="ShapedShip.java">
            <metrics coveredelements="100" coveredconditionals="22" complexity="21" loc="159" coveredmethods="8" methods="8" elements="100" classes="1" ncloc="110" statements="70" conditionals="22" coveredstatements="70"/>
            <class name="ShapedShip">
               <metrics coveredelements="100" coveredconditionals="22" complexity="21" coveredmethods="8" methods="8" elements="100" statements="70" conditionals="22" coveredstatements="70"/>
            </class>
            <line complexity="6" visibility="public" signature="ShapedShip(String,Placement,ShipDisplayInfo&lt;T&gt;,ShipDisplayInfo&lt;T&gt;)" num="19" count="243" type="method"/>
            <line num="20" count="243" type="stmt"/>
            <line num="21" count="243" type="stmt"/>
            <line num="22" count="243" type="stmt"/>
            <line num="23" count="243" type="stmt"/>
            <line num="24" count="243" type="stmt"/>
            <line falsecount="151" truecount="92" num="24" type="cond"/>
            <line num="25" count="92" type="stmt"/>
            <line falsecount="17" truecount="75" num="25" type="cond"/>
            <line num="26" count="75" type="stmt"/>
            <line num="29" count="151" type="stmt"/>
            <line falsecount="138" truecount="13" num="29" type="cond"/>
            <line num="30" count="13" type="stmt"/>
            <line complexity="1" visibility="public" signature="ShapedShip(String,Placement,T,T)" num="45" count="243" type="method"/>
            <line num="46" count="243" type="stmt"/>
            <line complexity="1" visibility="public" signature="ShapedShip(Placement,T,T)" num="55" count="1" type="method"/>
            <line num="56" count="1" type="stmt"/>
            <line complexity="8" visibility="package" signature="makeCoords(Placement,String) : HashSet&lt;Coordinate&gt;" num="65" count="243" type="method"/>
            <line num="67" count="243" type="stmt"/>
            <line num="68" count="243" type="stmt"/>
            <line falsecount="151" truecount="92" num="68" type="cond"/>
            <line num="69" count="92" type="stmt"/>
            <line falsecount="79" truecount="13" num="69" type="cond"/>
            <line num="71" count="13" type="stmt"/>
            <line num="72" count="13" type="stmt"/>
            <line num="73" count="13" type="stmt"/>
            <line num="74" count="13" type="stmt"/>
            <line num="76" count="79" type="stmt"/>
            <line falsecount="8" truecount="71" num="76" type="cond"/>
            <line num="77" count="71" type="stmt"/>
            <line num="78" count="71" type="stmt"/>
            <line num="79" count="71" type="stmt"/>
            <line num="80" count="71" type="stmt"/>
            <line num="81" count="8" type="stmt"/>
            <line falsecount="4" truecount="4" num="81" type="cond"/>
            <line num="82" count="4" type="stmt"/>
            <line num="83" count="4" type="stmt"/>
            <line num="84" count="4" type="stmt"/>
            <line num="85" count="4" type="stmt"/>
            <line num="88" count="4" type="stmt"/>
            <line num="89" count="4" type="stmt"/>
            <line num="90" count="4" type="stmt"/>
            <line num="91" count="4" type="stmt"/>
            <line num="94" count="151" type="stmt"/>
            <line falsecount="143" truecount="8" num="94" type="cond"/>
            <line num="95" count="8" type="stmt"/>
            <line num="96" count="8" type="stmt"/>
            <line num="97" count="8" type="stmt"/>
            <line num="98" count="8" type="stmt"/>
            <line num="99" count="8" type="stmt"/>
            <line num="100" count="8" type="stmt"/>
            <line num="101" count="8" type="stmt"/>
            <line num="102" count="143" type="stmt"/>
            <line falsecount="9" truecount="134" num="102" type="cond"/>
            <line num="103" count="134" type="stmt"/>
            <line num="104" count="134" type="stmt"/>
            <line num="105" count="134" type="stmt"/>
            <line num="106" count="134" type="stmt"/>
            <line num="107" count="134" type="stmt"/>
            <line num="108" count="134" type="stmt"/>
            <line num="109" count="134" type="stmt"/>
            <line num="110" count="9" type="stmt"/>
            <line falsecount="4" truecount="5" num="110" type="cond"/>
            <line num="111" count="5" type="stmt"/>
            <line num="112" count="5" type="stmt"/>
            <line num="113" count="5" type="stmt"/>
            <line num="114" count="5" type="stmt"/>
            <line num="115" count="5" type="stmt"/>
            <line num="116" count="5" type="stmt"/>
            <line num="117" count="5" type="stmt"/>
            <line num="119" count="4" type="stmt"/>
            <line num="120" count="4" type="stmt"/>
            <line num="121" count="4" type="stmt"/>
            <line num="122" count="4" type="stmt"/>
            <line num="123" count="4" type="stmt"/>
            <line num="124" count="4" type="stmt"/>
            <line num="125" count="4" type="stmt"/>
            <line num="128" count="243" type="stmt"/>
            <line complexity="1" visibility="public" signature="getName() : String" num="131" count="427" type="method"/>
            <line num="133" count="427" type="stmt"/>
            <line complexity="1" visibility="public" signature="getUpperLeft() : Coordinate" num="136" count="72" type="method"/>
            <line num="138" count="72" type="stmt"/>
            <line complexity="1" visibility="public" signature="getOrientation() : Character" num="141" count="36" type="method"/>
            <line num="143" count="36" type="stmt"/>
            <line complexity="2" visibility="public" signature="edit_hidhit(Coordinate,boolean) : void" num="148" count="31" type="method"/>
            <line num="150" count="31" type="stmt"/>
            <line falsecount="1" truecount="30" num="150" type="cond"/>
            <line num="151" count="30" type="stmt"/>
            <line num="153" count="1" type="stmt"/>
         </file>
         <file path="/Users/zxg/University/Graduate/ECE651/ECE651_homework/s24-hwk2-Zixu-Geng/app/src/main/java/edu/duke/zg73/battleship/Coordinate.java" name="Coordinate.java">
            <metrics coveredelements="33" coveredconditionals="8" complexity="13" loc="98" coveredmethods="7" methods="7" elements="33" classes="1" ncloc="47" statements="18" conditionals="8" coveredstatements="18"/>
            <class name="Coordinate">
               <metrics coveredelements="33" coveredconditionals="8" complexity="13" coveredmethods="7" methods="7" elements="33" statements="18" conditionals="8" coveredstatements="18"/>
            </class>
            <line complexity="1" visibility="public" signature="Coordinate(int,int)" num="16" count="350522" type="method"/>
            <line num="17" count="350522" type="stmt"/>
            <line num="18" count="350522" type="stmt"/>
            <line complexity="6" visibility="public" signature="Coordinate(String)" num="26" count="1464" type="method"/>
            <line num="27" count="1464" type="stmt"/>
            <line falsecount="5" truecount="1459" num="27" type="cond"/>
            <line num="28" count="1459" type="stmt"/>
            <line falsecount="1456" truecount="3" num="28" type="cond"/>
            <line num="29" count="3" type="stmt"/>
            <line num="32" count="1456" type="stmt"/>
            <line falsecount="1453" truecount="3" num="32" type="cond"/>
            <line num="34" count="3" type="stmt"/>
            <line num="37" count="1453" type="stmt"/>
            <line num="38" count="1453" type="stmt"/>
            <line num="42" count="5" type="stmt"/>
            <line complexity="1" visibility="public" signature="getRow() : int" num="54" count="183329" type="method"/>
            <line num="55" count="183329" type="stmt"/>
            <line complexity="1" visibility="public" signature="getColumn() : int" num="63" count="183165" type="method"/>
            <line num="64" count="183165" type="stmt"/>
            <line complexity="2" visibility="public" signature="equals(Object) : boolean" num="72" count="557468" type="method"/>
            <line num="74" count="557468" type="stmt"/>
            <line falsecount="1" truecount="557467" num="74" type="cond"/>
            <line num="75" count="557467" type="stmt"/>
            <line num="76" count="557467" type="stmt"/>
            <line num="78" count="1" type="stmt"/>
            <line complexity="1" visibility="public" signature="toString() : String" num="85" count="2850306" type="method"/>
            <line num="87" count="2850306" type="stmt"/>
            <line complexity="1" visibility="public" signature="hashCode() : int" num="94" count="2850303" type="method"/>
            <line num="96" count="2850303" type="stmt"/>
         </file>
         <file path="/Users/zxg/University/Graduate/ECE651/ECE651_homework/s24-hwk2-Zixu-Geng/app/src/main/java/edu/duke/zg73/battleship/SimpleShipDisplayInfo.java" name="SimpleShipDisplayInfo.java">
            <metrics coveredelements="9" coveredconditionals="2" complexity="3" loc="34" coveredmethods="2" methods="2" elements="9" classes="1" ncloc="17" statements="5" conditionals="2" coveredstatements="5"/>
            <class name="SimpleShipDisplayInfo">
               <metrics coveredelements="9" coveredconditionals="2" complexity="3" coveredmethods="2" methods="2" elements="9" statements="5" conditionals="2" coveredstatements="5"/>
            </class>
            <line complexity="1" visibility="public" signature="SimpleShipDisplayInfo(T,T)" num="13" count="702" type="method"/>
            <line num="14" count="702" type="stmt"/>
            <line num="15" count="702" type="stmt"/>
            <line complexity="2" visibility="public" signature="getInfo(Coordinate,boolean) : T" num="25" count="117426" type="method"/>
            <line num="27" count="117426" type="stmt"/>
            <line falsecount="56050" truecount="61376" num="27" type="cond"/>
            <line num="28" count="61376" type="stmt"/>
            <line num="30" count="56050" type="stmt"/>
         </file>
         <file path="/Users/zxg/University/Graduate/ECE651/ECE651_homework/s24-hwk2-Zixu-Geng/app/src/main/java/edu/duke/zg73/battleship/NoCollisionRuleChecker.java" name="NoCollisionRuleChecker.java">
            <metrics coveredelements="9" coveredconditionals="2" complexity="3" loc="29" coveredmethods="2" methods="2" elements="9" classes="1" ncloc="15" statements="5" conditionals="2" coveredstatements="5"/>
            <class name="NoCollisionRuleChecker">
               <metrics coveredelements="9" coveredconditionals="2" complexity="3" coveredmethods="2" methods="2" elements="9" statements="5" conditionals="2" coveredstatements="5"/>
            </class>
            <line complexity="1" visibility="public" signature="NoCollisionRuleChecker(PlacementRuleChecker&lt;T&gt;)" num="5" count="90" type="method"/>
            <line num="6" count="90" type="stmt"/>
            <line complexity="2" visibility="protected" signature="checkMyRule(Ship&lt;T&gt;,Board&lt;T&gt;) : String" num="17" count="322" type="method"/>
            <line num="20" count="322" type="stmt"/>
            <line num="21" count="1118" type="stmt"/>
            <line falsecount="986" truecount="132" num="21" type="cond"/>
            <line num="22" count="132" type="stmt"/>
            <line num="25" count="190" type="stmt"/>
         </file>
         <file path="/Users/zxg/University/Graduate/ECE651/ECE651_homework/s24-hwk2-Zixu-Geng/app/src/main/java/edu/duke/zg73/battleship/Board.java" name="Board.java">
            <metrics coveredelements="0" coveredconditionals="0" complexity="0" loc="60" coveredmethods="0" methods="0" elements="0" classes="1" ncloc="14" statements="0" conditionals="0" coveredstatements="0"/>
            <class name="Board">
               <metrics coveredelements="0" coveredconditionals="0" complexity="0" coveredmethods="0" methods="0" elements="0" statements="0" conditionals="0" coveredstatements="0"/>
            </class>
         </file>
         <file path="/Users/zxg/University/Graduate/ECE651/ECE651_homework/s24-hwk2-Zixu-Geng/app/src/main/java/edu/duke/zg73/battleship/V2ShipFactory.java" name="V2ShipFactory.java">
            <metrics coveredelements="24" coveredconditionals="6" complexity="12" loc="53" coveredmethods="6" methods="6" elements="24" classes="1" ncloc="35" statements="12" conditionals="6" coveredstatements="12"/>
            <class name="V2ShipFactory">
               <metrics coveredelements="24" coveredconditionals="6" complexity="12" coveredmethods="6" methods="6" elements="24" statements="12" conditionals="6" coveredstatements="12"/>
            </class>
            <line complexity="3" visibility="protected" signature="createRectangelShip(Placement,int,int,char,String) : Ship&lt;Character&gt;" num="14" count="73" type="method"/>
            <line num="15" count="73" type="stmt"/>
            <line falsecount="38" truecount="35" num="15" type="cond"/>
            <line num="16" count="35" type="stmt"/>
            <line num="17" count="38" type="stmt"/>
            <line falsecount="1" truecount="37" num="17" type="cond"/>
            <line num="18" count="37" type="stmt"/>
            <line num="20" count="1" type="stmt"/>
            <line complexity="5" visibility="private" signature="createShapedShip(Placement,char,String) : Ship&lt;Character&gt;" num="24" count="239" type="method"/>
            <line num="25" count="239" type="stmt"/>
            <line falsecount="1" truecount="238" num="25" type="cond"/>
            <line num="26" count="238" type="stmt"/>
            <line num="28" count="1" type="stmt"/>
            <line complexity="1" visibility="public" signature="makeSubmarine(Placement) : Ship" num="32" count="33" type="method"/>
            <line num="34" count="33" type="stmt"/>
            <line complexity="1" visibility="public" signature="makeDestroyer(Placement) : Ship" num="37" count="40" type="method"/>
            <line num="39" count="40" type="stmt"/>
            <line complexity="1" visibility="public" signature="makeCarrier(Placement) : Ship" num="42" count="150" type="method"/>
            <line num="44" count="150" type="stmt"/>
            <line complexity="1" visibility="public" signature="makeBattleship(Placement) : Ship" num="47" count="89" type="method"/>
            <line num="49" count="89" type="stmt"/>
         </file>
         <file path="/Users/zxg/University/Graduate/ECE651/ECE651_homework/s24-hwk2-Zixu-Geng/app/src/main/java/edu/duke/zg73/battleship/BattleShipBoard.java" name="BattleShipBoard.java">
            <metrics coveredelements="224" coveredconditionals="84" complexity="57" loc="315" coveredmethods="13" methods="13" elements="224" classes="1" ncloc="215" statements="127" conditionals="84" coveredstatements="127"/>
            <class name="BattleShipBoard">
               <metrics coveredelements="224" coveredconditionals="84" complexity="57" coveredmethods="13" methods="13" elements="224" statements="127" conditionals="84" coveredstatements="127"/>
            </class>
            <line complexity="1" visibility="public" signature="BattleShipBoard(int,int,T)" num="32" count="85" type="method"/>
            <line num="34" count="85" type="stmt"/>
            <line complexity="3" visibility="public" signature="BattleShipBoard(int,int,PlacementRuleChecker&lt;T&gt;,T)" num="48" count="91" type="method"/>
            <line num="49" count="91" type="stmt"/>
            <line falsecount="89" truecount="2" num="49" type="cond"/>
            <line num="50" count="2" type="stmt"/>
            <line num="52" count="89" type="stmt"/>
            <line falsecount="87" truecount="2" num="52" type="cond"/>
            <line num="53" count="2" type="stmt"/>
            <line num="55" count="87" type="stmt"/>
            <line num="56" count="87" type="stmt"/>
            <line num="57" count="87" type="stmt"/>
            <line num="59" count="87" type="stmt"/>
            <line num="60" count="87" type="stmt"/>
            <line num="62" count="87" type="stmt"/>
            <line num="63" count="87" type="stmt"/>
            <line complexity="1" visibility="public" signature="getWidth() : int" num="71" count="764065" type="method"/>
            <line num="72" count="764065" type="stmt"/>
            <line complexity="1" visibility="public" signature="getHeight() : int" num="79" count="40590" type="method"/>
            <line num="80" count="40590" type="stmt"/>
            <line complexity="2" visibility="public" signature="tryAddShip(Ship&lt;T&gt;) : String" num="90" count="331" type="method"/>
            <line num="92" count="331" type="stmt"/>
            <line falsecount="143" truecount="188" num="92" type="cond"/>
            <line num="93" count="188" type="stmt"/>
            <line num="94" count="188" type="stmt"/>
            <line num="97" count="143" type="stmt"/>
            <line complexity="3" visibility="public" signature="fireAt(Coordinate) : Ship&lt;T&gt;" num="100" count="1169" type="method"/>
            <line num="102" count="1169" type="stmt"/>
            <line num="103" count="8987" type="stmt"/>
            <line falsecount="8361" truecount="626" num="103" type="cond"/>
            <line num="104" count="626" type="stmt"/>
            <line num="106" count="626" type="stmt"/>
            <line falsecount="625" truecount="1" num="106" type="cond"/>
            <line num="107" count="1" type="stmt"/>
            <line num="109" count="626" type="stmt"/>
            <line num="113" count="543" type="stmt"/>
            <line num="114" count="543" type="stmt"/>
            <line complexity="1" visibility="public" signature="whatIsAtForEnemy(Coordinate) : T" num="125" count="163890" type="method"/>
            <line num="127" count="163890" type="stmt"/>
            <line complexity="1" visibility="public" signature="whatIsAtForSelf(Coordinate) : T" num="131" count="177343" type="method"/>
            <line num="132" count="177343" type="stmt"/>
            <line complexity="6" visibility="protected" signature="whatIsAt(Coordinate,boolean) : T" num="134" count="341233" type="method"/>
            <line num="135" count="341233" type="stmt"/>
            <line falsecount="177343" truecount="163890" num="135" type="cond"/>
            <line num="136" count="163890" type="stmt"/>
            <line falsecount="124457" truecount="39433" num="136" type="cond"/>
            <line num="137" count="39433" type="stmt"/>
            <line num="141" count="301800" type="stmt"/>
            <line falsecount="301780" truecount="20" num="141" type="cond"/>
            <line num="142" count="20" type="stmt"/>
            <line num="147" count="301780" type="stmt"/>
            <line num="150" count="2274773" type="stmt"/>
            <line falsecount="2155246" truecount="119527" num="150" type="cond"/>
            <line num="151" count="119527" type="stmt"/>
            <line num="155" count="182253" type="stmt"/>
            <line complexity="2" visibility="public" signature="is_lost() : boolean" num="162" count="1137" type="method"/>
            <line num="163" count="1137" type="stmt"/>
            <line num="164" count="3388" type="stmt"/>
            <line falsecount="2257" truecount="1131" num="164" type="cond"/>
            <line num="165" count="1131" type="stmt"/>
            <line num="168" count="6" type="stmt"/>
            <line complexity="2" visibility="public" signature="get_avaliable() : ArrayList&lt;Ship&lt;T&gt;&gt;" num="172" count="45" type="method"/>
            <line num="173" count="45" type="stmt"/>
            <line num="174" count="45" type="stmt"/>
            <line num="175" count="44" type="stmt"/>
            <line falsecount="1" truecount="43" num="175" type="cond"/>
            <line num="176" count="43" type="stmt"/>
            <line num="179" count="45" type="stmt"/>
            <line complexity="33" visibility="public" signature="moveShip(Ship&lt;T&gt;,Placement) : void" num="183" count="42" type="method"/>
            <line num="185" count="42" type="stmt"/>
            <line num="186" count="42" type="stmt"/>
            <line num="187" count="42" type="stmt"/>
            <line num="189" count="42" type="stmt"/>
            <line falsecount="22" truecount="20" num="189" type="cond"/>
            <line num="190" count="20" type="stmt"/>
            <line num="191" count="22" type="stmt"/>
            <line falsecount="17" truecount="5" num="191" type="cond"/>
            <line num="192" count="5" type="stmt"/>
            <line num="193" count="17" type="stmt"/>
            <line falsecount="16" truecount="1" num="193" type="cond"/>
            <line num="194" count="1" type="stmt"/>
            <line num="196" count="16" type="stmt"/>
            <line num="200" count="42" type="stmt"/>
            <line num="201" count="42" type="stmt"/>
            <line num="202" count="42" type="stmt"/>
            <line num="203" count="42" type="stmt"/>
            <line num="205" count="42" type="stmt"/>
            <line num="206" count="42" type="stmt"/>
            <line num="207" count="42" type="stmt"/>
            <line num="209" count="42" type="stmt"/>
            <line num="211" count="205" type="stmt"/>
            <line falsecount="172" truecount="33" num="211" type="cond"/>
            <line num="213" count="33" type="stmt"/>
            <line num="214" count="33" type="stmt"/>
            <line num="216" count="33" type="stmt"/>
            <line falsecount="30" truecount="3" num="216" type="cond"/>
            <line num="217" count="3" type="stmt"/>
            <line num="218" count="30" type="stmt"/>
            <line falsecount="28" truecount="2" num="218" type="cond"/>
            <line num="219" count="2" type="stmt"/>
            <line falsecount="1" truecount="1" num="219" type="cond"/>
            <line num="220" count="1" type="stmt"/>
            <line num="222" count="1" type="stmt"/>
            <line num="224" count="28" type="stmt"/>
            <line falsecount="15" truecount="13" num="224" type="cond"/>
            <line num="225" count="13" type="stmt"/>
            <line falsecount="9" truecount="4" num="225" type="cond"/>
            <line num="226" count="4" type="stmt"/>
            <line falsecount="2" truecount="2" num="226" type="cond"/>
            <line num="227" count="2" type="stmt"/>
            <line num="228" count="2" type="stmt"/>
            <line falsecount="1" truecount="1" num="228" type="cond"/>
            <line num="229" count="1" type="stmt"/>
            <line num="231" count="1" type="stmt"/>
            <line num="233" count="9" type="stmt"/>
            <line falsecount="6" truecount="3" num="233" type="cond"/>
            <line num="234" count="3" type="stmt"/>
            <line falsecount="2" truecount="1" num="234" type="cond"/>
            <line num="235" count="1" type="stmt"/>
            <line num="236" count="2" type="stmt"/>
            <line falsecount="1" truecount="1" num="236" type="cond"/>
            <line num="237" count="1" type="stmt"/>
            <line num="239" count="1" type="stmt"/>
            <line num="241" count="6" type="stmt"/>
            <line falsecount="3" truecount="3" num="241" type="cond"/>
            <line num="242" count="3" type="stmt"/>
            <line falsecount="2" truecount="1" num="242" type="cond"/>
            <line num="243" count="1" type="stmt"/>
            <line num="244" count="2" type="stmt"/>
            <line falsecount="1" truecount="1" num="244" type="cond"/>
            <line num="245" count="1" type="stmt"/>
            <line num="247" count="1" type="stmt"/>
            <line num="250" count="3" type="stmt"/>
            <line falsecount="2" truecount="1" num="250" type="cond"/>
            <line num="251" count="1" type="stmt"/>
            <line num="252" count="2" type="stmt"/>
            <line falsecount="1" truecount="1" num="252" type="cond"/>
            <line num="253" count="1" type="stmt"/>
            <line num="255" count="1" type="stmt"/>
            <line num="259" count="15" type="stmt"/>
            <line falsecount="10" truecount="5" num="259" type="cond"/>
            <line num="260" count="5" type="stmt"/>
            <line falsecount="2" truecount="3" num="260" type="cond"/>
            <line num="261" count="3" type="stmt"/>
            <line num="262" count="2" type="stmt"/>
            <line falsecount="1" truecount="1" num="262" type="cond"/>
            <line num="263" count="1" type="stmt"/>
            <line num="265" count="1" type="stmt"/>
            <line num="267" count="10" type="stmt"/>
            <line falsecount="6" truecount="4" num="267" type="cond"/>
            <line num="268" count="4" type="stmt"/>
            <line falsecount="3" truecount="1" num="268" type="cond"/>
            <line num="269" count="1" type="stmt"/>
            <line num="270" count="3" type="stmt"/>
            <line falsecount="1" truecount="2" num="270" type="cond"/>
            <line num="271" count="2" type="stmt"/>
            <line num="273" count="1" type="stmt"/>
            <line num="275" count="6" type="stmt"/>
            <line falsecount="3" truecount="3" num="275" type="cond"/>
            <line num="276" count="3" type="stmt"/>
            <line falsecount="2" truecount="1" num="276" type="cond"/>
            <line num="277" count="1" type="stmt"/>
            <line num="278" count="2" type="stmt"/>
            <line falsecount="1" truecount="1" num="278" type="cond"/>
            <line num="279" count="1" type="stmt"/>
            <line num="281" count="1" type="stmt"/>
            <line num="284" count="3" type="stmt"/>
            <line falsecount="2" truecount="1" num="284" type="cond"/>
            <line num="285" count="1" type="stmt"/>
            <line num="286" count="2" type="stmt"/>
            <line falsecount="1" truecount="1" num="286" type="cond"/>
            <line num="287" count="1" type="stmt"/>
            <line num="289" count="1" type="stmt"/>
            <line num="294" count="33" type="stmt"/>
            <line num="295" count="33" type="stmt"/>
            <line num="296" count="33" type="stmt"/>
            <line num="302" count="42" type="stmt"/>
            <line num="304" count="42" type="stmt"/>
            <line falsecount="41" truecount="1" num="304" type="cond"/>
            <line num="305" count="1" type="stmt"/>
            <line complexity="1" visibility="public" signature="get_myShips() : ArrayList&lt;Ship&lt;T&gt;&gt;" num="309" count="27" type="method"/>
            <line num="311" count="27" type="stmt"/>
         </file>
         <file path="/Users/zxg/University/Graduate/ECE651/ECE651_homework/s24-hwk2-Zixu-Geng/app/src/main/java/edu/duke/zg73/battleship/InBoundsRuleChecker.java" name="InBoundsRuleChecker.java">
            <metrics coveredelements="23" coveredconditionals="8" complexity="6" loc="46" coveredmethods="2" methods="2" elements="23" classes="1" ncloc="26" statements="13" conditionals="8" coveredstatements="13"/>
            <class name="InBoundsRuleChecker">
               <metrics coveredelements="23" coveredconditionals="8" complexity="6" coveredmethods="2" methods="2" elements="23" statements="13" conditionals="8" coveredstatements="13"/>
            </class>
            <line complexity="1" visibility="public" signature="InBoundsRuleChecker(PlacementRuleChecker&lt;T&gt;)" num="5" count="91" type="method"/>
            <line num="6" count="91" type="stmt"/>
            <line complexity="5" visibility="protected" signature="checkMyRule(Ship&lt;T&gt;,Board&lt;T&gt;) : String" num="18" count="418" type="method"/>
            <line num="22" count="418" type="stmt"/>
            <line num="23" count="418" type="stmt"/>
            <line num="25" count="418" type="stmt"/>
            <line num="26" count="1514" type="stmt"/>
            <line falsecount="1461" truecount="53" num="26" type="cond"/>
            <line num="27" count="53" type="stmt"/>
            <line num="29" count="1461" type="stmt"/>
            <line falsecount="1460" truecount="1" num="29" type="cond"/>
            <line num="30" count="1" type="stmt"/>
            <line num="32" count="1460" type="stmt"/>
            <line falsecount="1351" truecount="109" num="32" type="cond"/>
            <line num="33" count="109" type="stmt"/>
            <line num="35" count="1351" type="stmt"/>
            <line falsecount="1350" truecount="1" num="35" type="cond"/>
            <line num="36" count="1" type="stmt"/>
            <line num="39" count="254" type="stmt"/>
         </file>
         <file path="/Users/zxg/University/Graduate/ECE651/ECE651_homework/s24-hwk2-Zixu-Geng/app/src/main/java/edu/duke/zg73/battleship/V1ShipFactory.java" name="V1ShipFactory.java">
            <metrics coveredelements="14" coveredconditionals="2" complexity="6" loc="67" coveredmethods="5" methods="5" elements="14" classes="1" ncloc="26" statements="7" conditionals="2" coveredstatements="7"/>
            <class name="V1ShipFactory">
               <metrics coveredelements="14" coveredconditionals="2" complexity="6" coveredmethods="5" methods="5" elements="14" statements="7" conditionals="2" coveredstatements="7"/>
            </class>
            <line complexity="2" visibility="protected" signature="createShip(Placement,int,int,char,String) : Ship&lt;Character&gt;" num="14" count="28" type="method"/>
            <line num="15" count="28" type="stmt"/>
            <line falsecount="11" truecount="17" num="15" type="cond"/>
            <line num="16" count="17" type="stmt"/>
            <line num="18" count="11" type="stmt"/>
            <line complexity="1" visibility="public" signature="makeSubmarine(Placement) : Ship" num="29" count="4" type="method"/>
            <line num="32" count="4" type="stmt"/>
            <line complexity="1" visibility="public" signature="makeBattleship(Placement) : Ship" num="40" count="5" type="method"/>
            <line num="43" count="5" type="stmt"/>
            <line complexity="1" visibility="public" signature="makeCarrier(Placement) : Ship" num="51" count="4" type="method"/>
            <line num="54" count="4" type="stmt"/>
            <line complexity="1" visibility="public" signature="makeDestroyer(Placement) : Ship" num="62" count="15" type="method"/>
            <line num="65" count="15" type="stmt"/>
         </file>
         <file path="/Users/zxg/University/Graduate/ECE651/ECE651_homework/s24-hwk2-Zixu-Geng/app/src/main/java/edu/duke/zg73/battleship/RectangleShip.java" name="RectangleShip.java">
            <metrics coveredelements="35" coveredconditionals="8" complexity="12" loc="110" coveredmethods="8" methods="8" elements="35" classes="1" ncloc="53" statements="19" conditionals="8" coveredstatements="19"/>
            <class name="RectangleShip">
               <metrics coveredelements="35" coveredconditionals="8" complexity="12" coveredmethods="8" methods="8" elements="35" statements="19" conditionals="8" coveredstatements="19"/>
            </class>
            <line complexity="2" visibility="public" signature="RectangleShip(String,Coordinate,int,int,SimpleShipDisplayInfo&lt;T&gt;,SimpleShipDisplayInfo&lt;T&gt;)" num="25" count="108" type="method"/>
            <line num="26" count="108" type="stmt"/>
            <line num="27" count="108" type="stmt"/>
            <line num="28" count="108" type="stmt"/>
            <line num="29" count="108" type="stmt"/>
            <line falsecount="55" truecount="53" num="29" type="cond"/>
            <line num="30" count="53" type="stmt"/>
            <line num="32" count="55" type="stmt"/>
            <line complexity="1" visibility="public" signature="RectangleShip(String,Coordinate,int,int,T,T)" num="46" count="108" type="method"/>
            <line num="47" count="108" type="stmt"/>
            <line complexity="1" visibility="public" signature="RectangleShip(Coordinate,T,T)" num="56" count="5" type="method"/>
            <line num="57" count="5" type="stmt"/>
            <line complexity="3" visibility="package" signature="makeCoords(Coordinate,int,int) : HashSet&lt;Coordinate&gt;" num="61" count="109" type="method"/>
            <line num="62" count="109" type="stmt"/>
            <line num="63" count="109" type="stmt"/>
            <line falsecount="109" truecount="222" num="63" type="cond"/>
            <line num="64" count="222" type="stmt"/>
            <line falsecount="222" truecount="403" num="64" type="cond"/>
            <line num="65" count="403" type="stmt"/>
            <line num="69" count="109" type="stmt"/>
            <line complexity="1" visibility="public" signature="getName() : String" num="76" count="146" type="method"/>
            <line num="78" count="146" type="stmt"/>
            <line complexity="1" visibility="public" signature="getUpperLeft() : Coordinate" num="81" count="13" type="method"/>
            <line num="83" count="13" type="stmt"/>
            <line complexity="1" visibility="public" signature="getOrientation() : Character" num="86" count="6" type="method"/>
            <line num="88" count="6" type="stmt"/>
            <line complexity="2" visibility="public" signature="edit_hidhit(Coordinate,boolean) : void" num="93" count="4" type="method"/>
            <line num="95" count="4" type="stmt"/>
            <line falsecount="1" truecount="3" num="95" type="cond"/>
            <line num="96" count="3" type="stmt"/>
            <line num="98" count="1" type="stmt"/>
         </file>
         <file path="/Users/zxg/University/Graduate/ECE651/ECE651_homework/s24-hwk2-Zixu-Geng/app/src/main/java/edu/duke/zg73/battleship/BasicShip.java" name="BasicShip.java">
            <metrics coveredelements="52" coveredconditionals="14" complexity="17" loc="159" coveredmethods="8" methods="8" elements="52" classes="1" ncloc="72" statements="30" conditionals="14" coveredstatements="30"/>
            <class name="BasicShip">
               <metrics coveredelements="52" coveredconditionals="14" complexity="17" coveredmethods="8" methods="8" elements="52" statements="30" conditionals="14" coveredstatements="30"/>
            </class>
            <line complexity="1" visibility="public" signature="BasicShip(Iterable&lt;Coordinate&gt;,ShipDisplayInfo&lt;T&gt;,ShipDisplayInfo&lt;T&gt;)" num="26" count="351" type="method"/>
            <line num="27" count="351" type="stmt"/>
            <line num="28" count="351" type="stmt"/>
            <line num="29" count="351" type="stmt"/>
            <line num="30" count="351" type="stmt"/>
            <line num="31" count="351" type="stmt"/>
            <line num="32" count="1822" type="stmt"/>
            <line num="35" count="351" type="stmt"/>
            <line complexity="1" visibility="public" signature="occupiesCoordinates(Coordinate) : boolean" num="45" count="2283811" type="method"/>
            <line num="47" count="2283811" type="stmt"/>
            <line complexity="2" visibility="public" signature="isSunk() : boolean" num="57" count="3435" type="method"/>
            <line num="59" count="3435" type="stmt"/>
            <line num="60" count="7901" type="stmt"/>
            <line falsecount="6726" truecount="1175" num="60" type="cond"/>
            <line num="61" count="1175" type="stmt"/>
            <line num="64" count="2260" type="stmt"/>
            <line complexity="2" visibility="public" signature="recordHitAt(Coordinate) : void" num="74" count="660" type="method"/>
            <line num="76" count="660" type="stmt"/>
            <line num="77" count="660" type="stmt"/>
            <line falsecount="658" truecount="2" num="77" type="cond"/>
            <line num="78" count="2" type="stmt"/>
            <line num="80" count="660" type="stmt"/>
            <line complexity="1" visibility="public" signature="wasHitAt(Coordinate) : boolean" num="93" count="136406" type="method"/>
            <line num="96" count="136406" type="stmt"/>
            <line num="97" count="136406" type="stmt"/>
            <line complexity="7" visibility="public" signature="getDisplayInfoAt(Coordinate,boolean) : T" num="110" count="119570" type="method"/>
            <line num="115" count="119570" type="stmt"/>
            <line falsecount="109326" truecount="10244" num="115" type="cond"/>
            <line num="116" count="10244" type="stmt"/>
            <line falsecount="8101" truecount="2143" num="116" type="cond"/>
            <line num="117" count="2143" type="stmt"/>
            <line num="122" count="117427" type="stmt"/>
            <line num="123" count="117426" type="stmt"/>
            <line falsecount="58671" truecount="58755" num="123" type="cond"/>
            <line num="125" count="58755" type="stmt"/>
            <line num="127" count="58671" type="stmt"/>
            <line falsecount="58641" truecount="30" num="127" type="cond"/>
            <line num="128" count="30" type="stmt"/>
            <line num="130" count="58641" type="stmt"/>
            <line complexity="2" visibility="protected" signature="checkCoordinateInThisShip(Coordinate) : void" num="139" count="254493" type="method"/>
            <line num="140" count="254493" type="stmt"/>
            <line falsecount="254492" truecount="1" num="140" type="cond"/>
            <line num="141" count="1" type="stmt"/>
            <line complexity="1" visibility="public" signature="getCoordinates() : Iterable&lt;Coordinate&gt;" num="149" count="784" type="method"/>
            <line num="150" count="784" type="stmt"/>
         </file>
         <file path="/Users/zxg/University/Graduate/ECE651/ECE651_homework/s24-hwk2-Zixu-Geng/app/src/main/java/edu/duke/zg73/battleship/TextPlayer.java" name="TextPlayer.java">
            <metrics coveredelements="315" coveredconditionals="66" complexity="70" loc="532" coveredmethods="18" methods="18" elements="315" classes="2" ncloc="366" statements="231" conditionals="66" coveredstatements="231"/>
            <class name="TextPlayer">
               <metrics coveredelements="275" coveredconditionals="58" complexity="62" coveredmethods="14" methods="14" elements="275" statements="203" conditionals="58" coveredstatements="203"/>
            </class>
            <class name="TextPlayer.AILogic">
               <metrics coveredelements="40" coveredconditionals="8" complexity="8" coveredmethods="4" methods="4" elements="40" statements="28" conditionals="8" coveredstatements="28"/>
            </class>
            <line complexity="3" visibility="public" signature="TextPlayer(String,Board&lt;Character&gt;,BufferedReader,PrintStream,AbstractShipFactory&lt;Character&gt;)" num="34" count="68" type="method"/>
            <line num="40" count="68" type="stmt"/>
            <line num="41" count="68" type="stmt"/>
            <line num="42" count="68" type="stmt"/>
            <line num="43" count="68" type="stmt"/>
            <line num="44" count="68" type="stmt"/>
            <line num="45" count="68" type="stmt"/>
            <line num="46" count="68" type="stmt"/>
            <line num="47" count="68" type="stmt"/>
            <line num="48" count="68" type="stmt"/>
            <line num="50" count="68" type="stmt"/>
            <line num="51" count="68" type="stmt"/>
            <line num="53" count="68" type="stmt"/>
            <line falsecount="65" truecount="3" num="53" type="cond"/>
            <line num="54" count="3" type="stmt"/>
            <line num="55" count="3" type="stmt"/>
            <line num="56" count="3" type="stmt"/>
            <line num="57" count="65" type="stmt"/>
            <line falsecount="64" truecount="1" num="57" type="cond"/>
            <line num="58" count="1" type="stmt"/>
            <line num="59" count="1" type="stmt"/>
            <line num="60" count="1" type="stmt"/>
            <line num="63" count="64" type="stmt"/>
            <line num="64" count="64" type="stmt"/>
            <line num="65" count="64" type="stmt"/>
            <line num="68" count="68" type="stmt"/>
            <line num="69" count="68" type="stmt"/>
            <line complexity="1" visibility="public" signature="AILogic()" num="80" count="4" type="method"/>
            <line num="81" count="4" type="stmt"/>
            <line num="82" count="4" type="stmt"/>
            <line num="83" count="4" type="stmt"/>
            <line complexity="1" visibility="public" signature="hammingDistance(Coordinate,Coordinate) : int" num="87" count="89200" type="method"/>
            <line num="88" count="89200" type="stmt"/>
            <line num="89" count="89200" type="stmt"/>
            <line complexity="2" visibility="public" signature="heuristic(Coordinate) : int" num="92" count="9600" type="method"/>
            <line num="93" count="9600" type="stmt"/>
            <line num="95" count="9600" type="stmt"/>
            <line falsecount="8708" truecount="892" num="95" type="cond"/>
            <line num="96" count="892" type="stmt"/>
            <line num="97" count="892" type="stmt"/>
            <line num="100" count="9600" type="stmt"/>
            <line num="101" count="80300" type="stmt"/>
            <line num="102" count="80300" type="stmt"/>
            <line num="104" count="9600" type="stmt"/>
            <line num="105" count="8900" type="stmt"/>
            <line num="106" count="8900" type="stmt"/>
            <line num="109" count="9600" type="stmt"/>
            <line complexity="4" visibility="public" signature="next_attack() : Coordinate" num="112" count="96" type="method"/>
            <line num="113" count="96" type="stmt"/>
            <line num="114" count="96" type="stmt"/>
            <line num="115" count="96" type="stmt"/>
            <line num="116" count="96" type="stmt"/>
            <line falsecount="96" truecount="960" num="116" type="cond"/>
            <line num="117" count="960" type="stmt"/>
            <line falsecount="960" truecount="9600" num="117" type="cond"/>
            <line num="119" count="9600" type="stmt"/>
            <line num="120" count="9600" type="stmt"/>
            <line num="121" count="9600" type="stmt"/>
            <line falsecount="9336" truecount="264" num="121" type="cond"/>
            <line num="122" count="264" type="stmt"/>
            <line num="123" count="264" type="stmt"/>
            <line num="130" count="96" type="stmt"/>
            <line num="132" count="96" type="stmt"/>
            <line complexity="2" visibility="public" signature="readPlacement(String) : Placement" num="143" count="145" type="method"/>
            <line num="145" count="145" type="stmt"/>
            <line num="146" count="145" type="stmt"/>
            <line num="147" count="145" type="stmt"/>
            <line falsecount="144" truecount="1" num="147" type="cond"/>
            <line num="148" count="1" type="stmt"/>
            <line num="150" count="144" type="stmt"/>
            <line complexity="4" visibility="public" signature="doOnePlacement(String,Function&lt;Placement, Ship&lt;Character&gt;&gt;) : void" num="160" count="278" type="method"/>
            <line num="162" count="278" type="stmt"/>
            <line num="163" count="278" type="stmt"/>
            <line falsecount="179" truecount="99" num="163" type="cond"/>
            <line num="164" count="99" type="stmt"/>
            <line num="167" count="179" type="stmt"/>
            <line num="171" count="277" type="stmt"/>
            <line num="172" count="277" type="stmt"/>
            <line num="173" count="277" type="stmt"/>
            <line falsecount="136" truecount="141" num="173" type="cond"/>
            <line num="174" count="141" type="stmt"/>
            <line num="176" count="136" type="stmt"/>
            <line falsecount="40" truecount="96" num="176" type="cond"/>
            <line num="177" count="96" type="stmt"/>
            <line complexity="4" visibility="public" signature="doPlacementPhase() : void" num="187" count="11" type="method"/>
            <line num="188" count="11" type="stmt"/>
            <line falsecount="4" truecount="7" num="188" type="cond"/>
            <line num="189" count="7" type="stmt"/>
            <line num="190" count="7" type="stmt"/>
            <line num="191" count="7" type="stmt"/>
            <line num="193" count="7" type="stmt"/>
            <line num="194" count="7" type="stmt"/>
            <line num="202" count="7" type="stmt"/>
            <line num="204" count="7" type="stmt"/>
            <line num="211" count="11" type="stmt"/>
            <line num="212" count="110" type="stmt"/>
            <line num="213" count="110" type="stmt"/>
            <line falsecount="110" truecount="250" num="213" type="cond"/>
            <line num="214" count="250" type="stmt"/>
            <line num="215" count="250" type="stmt"/>
            <line num="216" count="110" type="stmt"/>
            <line num="218" count="140" type="stmt"/>
            <line complexity="1" visibility="protected" signature="setupShipCreationMap() : void" num="232" count="68" type="method"/>
            <line num="233" count="68" type="stmt"/>
            <line num="234" count="68" type="stmt"/>
            <line num="235" count="68" type="stmt"/>
            <line num="236" count="68" type="stmt"/>
            <line complexity="1" visibility="protected" signature="setupShipCreationList() : void" num="242" count="68" type="method"/>
            <line num="243" count="68" type="stmt"/>
            <line num="244" count="68" type="stmt"/>
            <line num="245" count="68" type="stmt"/>
            <line num="246" count="68" type="stmt"/>
            <line complexity="1" visibility="protected" signature="printTurnHeader(BoardTextView) : void" num="253" count="1210" type="method"/>
            <line num="254" count="1210" type="stmt"/>
            <line num="255" count="1210" type="stmt"/>
            <line num="256" count="1210" type="stmt"/>
            <line num="257" count="1210" type="stmt"/>
            <line num="258" count="1210" type="stmt"/>
            <line num="259" count="1210" type="stmt"/>
            <line num="260" count="2420" type="stmt"/>
            <line num="262" count="1210" type="stmt"/>
            <line num="263" count="1210" type="stmt"/>
            <line complexity="1" visibility="protected" signature="ai_generateCoords() : String" num="272" count="856" type="method"/>
            <line num="273" count="856" type="stmt"/>
            <line num="275" count="856" type="stmt"/>
            <line num="276" count="856" type="stmt"/>
            <line num="278" count="856" type="stmt"/>
            <line num="281" count="856" type="stmt"/>
            <line complexity="3" visibility="protected" signature="ai_generatePlacement(String) : String" num="284" count="179" type="method"/>
            <line num="285" count="179" type="stmt"/>
            <line falsecount="169" truecount="10" num="285" type="cond"/>
            <line num="287" count="10" type="stmt"/>
            <line num="288" count="169" type="stmt"/>
            <line falsecount="151" truecount="18" num="288" type="cond"/>
            <line num="290" count="18" type="stmt"/>
            <line num="293" count="151" type="stmt"/>
            <line complexity="11" visibility="protected" signature="doaction_F(Board&lt;Character&gt;,BoardTextView) : void" num="304" count="1164" type="method"/>
            <line num="305" count="1164" type="stmt"/>
            <line num="306" count="1165" type="stmt"/>
            <line num="307" count="1165" type="stmt"/>
            <line num="308" count="1165" type="stmt"/>
            <line num="309" count="1165" type="stmt"/>
            <line falsecount="773" truecount="392" num="309" type="cond"/>
            <line num="310" count="392" type="stmt"/>
            <line num="311" count="392" type="stmt"/>
            <line num="312" count="392" type="stmt"/>
            <line num="314" count="773" type="stmt"/>
            <line falsecount="96" truecount="677" num="314" type="cond"/>
            <line num="315" count="677" type="stmt"/>
            <line num="316" count="677" type="stmt"/>
            <line num="318" count="96" type="stmt"/>
            <line num="323" count="1164" type="stmt"/>
            <line num="324" count="1164" type="stmt"/>
            <line num="325" count="1164" type="stmt"/>
            <line falsecount="623" truecount="541" num="325" type="cond"/>
            <line num="326" count="541" type="stmt"/>
            <line falsecount="536" truecount="5" num="326" type="cond"/>
            <line num="328" count="5" type="stmt"/>
            <line num="330" count="541" type="stmt"/>
            <line num="333" count="623" type="stmt"/>
            <line falsecount="360" truecount="263" num="333" type="cond"/>
            <line num="334" count="263" type="stmt"/>
            <line num="336" count="360" type="stmt"/>
            <line num="337" count="360" type="stmt"/>
            <line falsecount="351" truecount="9" num="337" type="cond"/>
            <line num="338" count="9" type="stmt"/>
            <line num="343" count="1164" type="stmt"/>
            <line falsecount="773" truecount="391" num="343" type="cond"/>
            <line num="344" count="391" type="stmt"/>
            <line num="347" count="1164" type="stmt"/>
            <line num="350" count="1" type="stmt"/>
            <line complexity="6" visibility="protected" signature="doaction_M(Board&lt;Character&gt;,BoardTextView) : void" num="356" count="42" type="method"/>
            <line num="357" count="42" type="stmt"/>
            <line num="358" count="44" type="stmt"/>
            <line num="361" count="44" type="stmt"/>
            <line num="362" count="44" type="stmt"/>
            <line falsecount="43" truecount="1" num="362" type="cond"/>
            <line num="363" count="1" type="stmt"/>
            <line num="364" count="1" type="stmt"/>
            <line num="367" count="43" type="stmt"/>
            <line num="368" count="43" type="stmt"/>
            <line num="369" count="43" type="stmt"/>
            <line num="372" count="43" type="stmt"/>
            <line num="373" count="43" type="stmt"/>
            <line num="374" count="43" type="stmt"/>
            <line num="375" count="43" type="stmt"/>
            <line num="376" count="43" type="stmt"/>
            <line falsecount="1" truecount="42" num="376" type="cond"/>
            <line num="377" count="42" type="stmt"/>
            <line num="378" count="42" type="stmt"/>
            <line num="381" count="43" type="stmt"/>
            <line falsecount="42" truecount="1" num="381" type="cond"/>
            <line num="383" count="1" type="stmt"/>
            <line num="385" count="42" type="stmt"/>
            <line num="386" count="42" type="stmt"/>
            <line num="388" count="42" type="stmt"/>
            <line num="389" count="41" type="stmt"/>
            <line num="390" count="41" type="stmt"/>
            <line num="392" count="1" type="stmt"/>
            <line num="394" count="1" type="stmt"/>
            <line num="395" count="1" type="stmt"/>
            <line num="396" count="1" type="stmt"/>
            <line num="398" count="41" type="stmt"/>
            <line num="401" count="1" type="stmt"/>
            <line complexity="16" visibility="protected" signature="doaction_S(Board&lt;Character&gt;,BoardTextView) : void" num="410" count="4" type="method"/>
            <line num="411" count="4" type="stmt"/>
            <line num="412" count="6" type="stmt"/>
            <line num="413" count="6" type="stmt"/>
            <line num="415" count="6" type="stmt"/>
            <line num="417" count="6" type="stmt"/>
            <line num="418" count="6" type="stmt"/>
            <line num="422" count="4" type="stmt"/>
            <line num="423" count="4" type="stmt"/>
            <line num="424" count="4" type="stmt"/>
            <line num="425" count="4" type="stmt"/>
            <line num="427" count="4" type="stmt"/>
            <line falsecount="4" truecount="28" num="427" type="cond"/>
            <line num="429" count="28" type="stmt"/>
            <line num="430" count="28" type="stmt"/>
            <line num="432" count="28" type="stmt"/>
            <line falsecount="28" truecount="100" num="432" type="cond"/>
            <line num="434" count="100" type="stmt"/>
            <line falsecount="23" truecount="77" num="434" type="cond"/>
            <line num="435" count="77" type="stmt"/>
            <line num="436" count="77" type="stmt"/>
            <line num="439" count="77" type="stmt"/>
            <line num="439" count="59" type="stmt"/>
            <line falsecount="18" truecount="59" num="439" type="cond"/>
            <line num="441" count="18" type="stmt"/>
            <line falsecount="17" truecount="1" num="441" type="cond"/>
            <line num="442" count="1" type="stmt"/>
            <line num="444" count="18" type="stmt"/>
            <line num="445" count="2" type="stmt"/>
            <line num="446" count="2" type="stmt"/>
            <line num="447" count="2" type="stmt"/>
            <line num="448" count="3" type="stmt"/>
            <line num="449" count="3" type="stmt"/>
            <line num="450" count="3" type="stmt"/>
            <line num="451" count="6" type="stmt"/>
            <line num="452" count="6" type="stmt"/>
            <line num="453" count="6" type="stmt"/>
            <line num="454" count="2" type="stmt"/>
            <line num="455" count="2" type="stmt"/>
            <line num="456" count="2" type="stmt"/>
            <line num="457" count="4" type="stmt"/>
            <line num="458" count="4" type="stmt"/>
            <line num="459" count="4" type="stmt"/>
            <line num="460" count="1" type="stmt"/>
            <line num="461" count="1" type="stmt"/>
            <line num="462" count="1" type="stmt"/>
            <line num="471" count="4" type="stmt"/>
            <line num="472" count="4" type="stmt"/>
            <line num="473" count="4" type="stmt"/>
            <line num="474" count="4" type="stmt"/>
            <line num="475" count="4" type="stmt"/>
            <line num="477" count="4" type="stmt"/>
            <line num="481" count="2" type="stmt"/>
            <line complexity="8" visibility="public" signature="playOneTurn(Board&lt;Character&gt;,BoardTextView) : void" num="494" count="1210" type="method"/>
            <line num="496" count="1210" type="stmt"/>
            <line num="498" count="1210" type="stmt"/>
            <line num="499" count="1221" type="stmt"/>
            <line num="500" count="1221" type="stmt"/>
            <line num="501" count="1221" type="stmt"/>
            <line falsecount="448" truecount="773" num="501" type="cond"/>
            <line num="502" count="773" type="stmt"/>
            <line num="504" count="448" type="stmt"/>
            <line num="505" count="448" type="stmt"/>
            <line num="507" count="1221" type="stmt"/>
            <line falsecount="57" truecount="1164" num="507" type="cond"/>
            <line num="508" count="1164" type="stmt"/>
            <line num="509" count="57" type="stmt"/>
            <line falsecount="15" truecount="42" num="509" type="cond"/>
            <line num="510" count="42" type="stmt"/>
            <line num="511" count="15" type="stmt"/>
            <line falsecount="11" truecount="4" num="511" type="cond"/>
            <line num="513" count="4" type="stmt"/>
            <line num="515" count="11" type="stmt"/>
            <line num="519" count="11" type="stmt"/>
            <line num="520" count="11" type="stmt"/>
            <line num="522" count="1210" type="stmt"/>
            <line complexity="1" visibility="public" signature="win_message() : void" num="528" count="6" type="method"/>
            <line num="529" count="6" type="stmt"/>
         </file>
         <file path="/Users/zxg/University/Graduate/ECE651/ECE651_homework/s24-hwk2-Zixu-Geng/app/src/main/java/edu/duke/zg73/battleship/AbstractShipFactory.java" name="AbstractShipFactory.java">
            <metrics coveredelements="0" coveredconditionals="0" complexity="0" loc="41" coveredmethods="0" methods="0" elements="0" classes="1" ncloc="6" statements="0" conditionals="0" coveredstatements="0"/>
            <class name="AbstractShipFactory">
               <metrics coveredelements="0" coveredconditionals="0" complexity="0" coveredmethods="0" methods="0" elements="0" statements="0" conditionals="0" coveredstatements="0"/>
            </class>
         </file>
         <file path="/Users/zxg/University/Graduate/ECE651/ECE651_homework/s24-hwk2-Zixu-Geng/app/src/main/java/edu/duke/zg73/battleship/BoardTextView.java" name="BoardTextView.java">
            <metrics coveredelements="60" coveredconditionals="14" complexity="14" loc="120" coveredmethods="6" methods="6" elements="60" classes="1" ncloc="66" statements="40" conditionals="14" coveredstatements="40"/>
            <class name="BoardTextView">
               <metrics coveredelements="60" coveredconditionals="14" complexity="14" coveredmethods="6" methods="6" elements="60" statements="40" conditionals="14" coveredstatements="40"/>
            </class>
            <line complexity="3" visibility="public" signature="BoardTextView(Board&lt;Character&gt;)" num="27" count="80" type="method"/>
            <line num="28" count="80" type="stmt"/>
            <line num="29" count="80" type="stmt"/>
            <line falsecount="78" truecount="2" num="29" type="cond"/>
            <line num="30" count="2" type="stmt"/>
            <line complexity="5" visibility="public" signature="displayAnyBoard(Function&lt;Coordinate, Character&gt;) : String" num="39" count="3398" type="method"/>
            <line num="40" count="3398" type="stmt"/>
            <line num="41" count="3398" type="stmt"/>
            <line num="42" count="3398" type="stmt"/>
            <line num="44" count="3398" type="stmt"/>
            <line num="45" count="3398" type="stmt"/>
            <line falsecount="3398" truecount="33856" num="45" type="cond"/>
            <line num="46" count="33856" type="stmt"/>
            <line num="47" count="33856" type="stmt"/>
            <line falsecount="33856" truecount="337996" num="47" type="cond"/>
            <line num="48" count="337996" type="stmt"/>
            <line num="49" count="337996" type="stmt"/>
            <line falsecount="207444" truecount="130552" num="49" type="cond"/>
            <line num="50" count="130552" type="stmt"/>
            <line num="52" count="207444" type="stmt"/>
            <line num="54" count="337996" type="stmt"/>
            <line falsecount="33856" truecount="304140" num="54" type="cond"/>
            <line num="55" count="304140" type="stmt"/>
            <line num="58" count="33856" type="stmt"/>
            <line num="59" count="33856" type="stmt"/>
            <line num="60" count="33856" type="stmt"/>
            <line num="63" count="3398" type="stmt"/>
            <line num="65" count="3398" type="stmt"/>
            <line complexity="1" visibility="public" signature="displayMyOwnBoard() : String" num="68" count="1754" type="method"/>
            <line num="70" count="1754" type="stmt"/>
            <line complexity="1" visibility="public" signature="displayEnemyBoard() : String" num="73" count="1644" type="method"/>
            <line num="74" count="1644" type="stmt"/>
            <line complexity="2" visibility="public" signature="displayMyBoardWithEnemyNextToIt(BoardTextView,String,String) : String" num="85" count="1643" type="method"/>
            <line num="87" count="1643" type="stmt"/>
            <line num="89" count="1643" type="stmt"/>
            <line num="90" count="1643" type="stmt"/>
            <line num="91" count="1643" type="stmt"/>
            <line num="92" count="1643" type="stmt"/>
            <line num="93" count="1643" type="stmt"/>
            <line falsecount="1643" truecount="16400" num="93" type="cond"/>
            <line num="94" count="16400" type="stmt"/>
            <line num="96" count="1643" type="stmt"/>
            <line num="97" count="1643" type="stmt"/>
            <line complexity="2" visibility="package" signature="makeHeader() : String" num="106" count="3401" type="method"/>
            <line num="107" count="3401" type="stmt"/>
            <line num="108" count="3401" type="stmt"/>
            <line num="109" count="3401" type="stmt"/>
            <line falsecount="3401" truecount="33849" num="109" type="cond"/>
            <line num="110" count="33849" type="stmt"/>
            <line num="111" count="33849" type="stmt"/>
            <line num="113" count="33849" type="stmt"/>
            <line num="115" count="3401" type="stmt"/>
            <line num="116" count="3401" type="stmt"/>
         </file>
         <file path="/Users/zxg/University/Graduate/ECE651/ECE651_homework/s24-hwk2-Zixu-Geng/app/src/main/java/edu/duke/zg73/battleship/Ship.java" name="Ship.java">
            <metrics coveredelements="0" coveredconditionals="0" complexity="0" loc="83" coveredmethods="0" methods="0" elements="0" classes="1" ncloc="14" statements="0" conditionals="0" coveredstatements="0"/>
            <class name="Ship">
               <metrics coveredelements="0" coveredconditionals="0" complexity="0" coveredmethods="0" methods="0" elements="0" statements="0" conditionals="0" coveredstatements="0"/>
            </class>
         </file>
         <file path="/Users/zxg/University/Graduate/ECE651/ECE651_homework/s24-hwk2-Zixu-Geng/app/src/main/java/edu/duke/zg73/battleship/App.java" name="App.java">
            <metrics coveredelements="49" coveredconditionals="10" complexity="12" loc="89" coveredmethods="4" methods="4" elements="49" classes="1" ncloc="54" statements="35" conditionals="10" coveredstatements="35"/>
            <class name="App">
               <metrics coveredelements="49" coveredconditionals="10" complexity="12" coveredmethods="4" methods="4" elements="49" statements="35" conditionals="10" coveredstatements="35"/>
            </class>
            <line complexity="1" visibility="public" signature="App(TextPlayer,TextPlayer)" num="14" count="5" type="method"/>
            <line num="15" count="5" type="stmt"/>
            <line num="16" count="5" type="stmt"/>
            <line complexity="7" visibility="public" signature="main(String[]) : void" num="23" count="5" type="method"/>
            <line num="24" count="5" type="stmt"/>
            <line num="25" count="5" type="stmt"/>
            <line num="26" count="5" type="stmt"/>
            <line num="27" count="5" type="stmt"/>
            <line num="28" count="5" type="stmt"/>
            <line num="29" count="5" type="stmt"/>
            <line num="30" count="5" type="stmt"/>
            <line num="31" count="5" type="stmt"/>
            <line num="32" count="5" type="stmt"/>
            <line falsecount="4" truecount="1" num="32" type="cond"/>
            <line num="33" count="1" type="stmt"/>
            <line num="34" count="1" type="stmt"/>
            <line num="35" count="4" type="stmt"/>
            <line falsecount="3" truecount="1" num="35" type="cond"/>
            <line num="36" count="1" type="stmt"/>
            <line num="37" count="1" type="stmt"/>
            <line num="38" count="3" type="stmt"/>
            <line falsecount="2" truecount="1" num="38" type="cond"/>
            <line num="39" count="1" type="stmt"/>
            <line num="40" count="1" type="stmt"/>
            <line num="42" count="2" type="stmt"/>
            <line num="43" count="2" type="stmt"/>
            <line num="46" count="5" type="stmt"/>
            <line num="47" count="5" type="stmt"/>
            <line num="48" count="5" type="stmt"/>
            <line complexity="1" visibility="public" signature="doPlacementPhase() : void" num="56" count="5" type="method"/>
            <line num="57" count="5" type="stmt"/>
            <line num="58" count="5" type="stmt"/>
            <line complexity="3" visibility="public" signature="doAttackingPhase() : void" num="66" count="5" type="method"/>
            <line num="67" count="5" type="stmt"/>
            <line num="68" count="569" type="stmt"/>
            <line num="69" count="569" type="stmt"/>
            <line falsecount="566" truecount="3" num="69" type="cond"/>
            <line num="70" count="3" type="stmt"/>
            <line num="71" count="3" type="stmt"/>
            <line num="73" count="566" type="stmt"/>
            <line num="74" count="566" type="stmt"/>
            <line falsecount="564" truecount="2" num="74" type="cond"/>
            <line num="75" count="2" type="stmt"/>
            <line num="76" count="2" type="stmt"/>
         </file>
         <file path="/Users/zxg/University/Graduate/ECE651/ECE651_homework/s24-hwk2-Zixu-Geng/app/src/main/java/edu/duke/zg73/battleship/Placement.java" name="Placement.java">
            <metrics coveredelements="39" coveredconditionals="10" complexity="24" loc="99" coveredmethods="7" methods="7" elements="39" classes="1" ncloc="50" statements="22" conditionals="10" coveredstatements="22"/>
            <class name="Placement">
               <metrics coveredelements="39" coveredconditionals="10" complexity="24" coveredmethods="7" methods="7" elements="39" statements="22" conditionals="10" coveredstatements="22"/>
            </class>
            <line complexity="7" visibility="public" signature="Placement(Coordinate,char)" num="17" count="24" type="method"/>
            <line num="18" count="24" type="stmt"/>
            <line num="19" count="24" type="stmt"/>
            <line num="20" count="24" type="stmt"/>
            <line falsecount="23" truecount="1" num="20" type="cond"/>
            <line num="21" count="1" type="stmt"/>
            <line num="23" count="23" type="stmt"/>
            <line complexity="9" visibility="public" signature="Placement(String)" num="32" count="336" type="method"/>
            <line num="34" count="336" type="stmt"/>
            <line falsecount="334" truecount="2" num="34" type="cond"/>
            <line num="36" count="2" type="stmt"/>
            <line num="39" count="334" type="stmt"/>
            <line num="40" count="334" type="stmt"/>
            <line falsecount="333" truecount="1" num="40" type="cond"/>
            <line num="41" count="1" type="stmt"/>
            <line num="44" count="333" type="stmt"/>
            <line num="46" count="333" type="stmt"/>
            <line complexity="1" visibility="public" signature="getWhere() : Coordinate" num="54" count="3369" type="method"/>
            <line num="55" count="3369" type="stmt"/>
            <line complexity="1" visibility="public" signature="getOrientation() : char" num="62" count="1796" type="method"/>
            <line num="63" count="1796" type="stmt"/>
            <line complexity="1" visibility="public" signature="toString() : String" num="70" count="3" type="method"/>
            <line num="72" count="3" type="stmt"/>
            <line complexity="4" visibility="public" signature="equals(Object) : boolean" num="83" count="6" type="method"/>
            <line num="85" count="6" type="stmt"/>
            <line num="85" count="1" type="stmt"/>
            <line falsecount="5" truecount="1" num="85" type="cond"/>
            <line num="86" count="5" type="stmt"/>
            <line num="86" count="1" type="stmt"/>
            <line falsecount="4" truecount="1" num="86" type="cond"/>
            <line num="87" count="4" type="stmt"/>
            <line num="88" count="4" type="stmt"/>
            <line complexity="1" visibility="public" signature="hashCode() : int" num="95" count="2" type="method"/>
            <line num="97" count="2" type="stmt"/>
         </file>
         <file path="/Users/zxg/University/Graduate/ECE651/ECE651_homework/s24-hwk2-Zixu-Geng/app/src/test/java/edu/duke/zg73/battleship/PlacementTest.java" name="PlacementTest.java">
            <metrics coveredelements="34" coveredconditionals="0" complexity="6" loc="67" coveredmethods="6" methods="6" elements="34" classes="1" ncloc="50" statements="28" conditionals="0" coveredstatements="28"/>
            <class name="PlacementTest">
               <metrics coveredelements="34" coveredconditionals="0" complexity="6" coveredmethods="6" methods="6" elements="34" statements="28" conditionals="0" coveredstatements="28"/>
            </class>
            <line complexity="1" visibility="package" signature="test_Constructor() : void" num="9" count="1" type="method"/>
            <line num="11" count="1" type="stmt"/>
            <line num="12" count="1" type="stmt"/>
            <line num="13" count="1" type="stmt"/>
            <line num="14" count="1" type="stmt"/>
            <line num="16" count="1" type="stmt"/>
            <line num="17" count="1" type="stmt"/>
            <line num="18" count="1" type="stmt"/>
            <line complexity="1" visibility="package" signature="test_Constructor_expection() : void" num="21" count="1" type="method"/>
            <line num="23" count="1" type="stmt"/>
            <line num="24" count="1" type="stmt"/>
            <line complexity="1" visibility="package" signature="test_Equals() : void" num="28" count="1" type="method"/>
            <line num="30" count="1" type="stmt"/>
            <line num="31" count="1" type="stmt"/>
            <line num="32" count="1" type="stmt"/>
            <line num="33" count="1" type="stmt"/>
            <line num="34" count="1" type="stmt"/>
            <line num="35" count="1" type="stmt"/>
            <line complexity="1" visibility="package" signature="test_newOrientation() : void" num="40" count="1" type="method"/>
            <line num="42" count="1" type="stmt"/>
            <line num="43" count="1" type="stmt"/>
            <line num="44" count="1" type="stmt"/>
            <line num="45" count="1" type="stmt"/>
            <line num="47" count="1" type="stmt"/>
            <line num="48" count="1" type="stmt"/>
            <line num="49" count="1" type="stmt"/>
            <line complexity="1" visibility="package" signature="test_ToString() : void" num="53" count="1" type="method"/>
            <line num="55" count="1" type="stmt"/>
            <line num="56" count="1" type="stmt"/>
            <line num="57" count="1" type="stmt"/>
            <line complexity="1" visibility="package" signature="test_HashCode() : void" num="60" count="1" type="method"/>
            <line num="62" count="1" type="stmt"/>
            <line num="63" count="1" type="stmt"/>
            <line num="64" count="1" type="stmt"/>
         </file>
         <file path="/Users/zxg/University/Graduate/ECE651/ECE651_homework/s24-hwk2-Zixu-Geng/app/src/test/java/edu/duke/zg73/battleship/RectangleShipTest.java" name="RectangleShipTest.java">
            <metrics coveredelements="29" coveredconditionals="0" complexity="2" loc="53" coveredmethods="2" methods="2" elements="29" classes="1" ncloc="38" statements="27" conditionals="0" coveredstatements="27"/>
            <class name="RectangleShipTest">
               <metrics coveredelements="29" coveredconditionals="0" complexity="2" coveredmethods="2" methods="2" elements="29" statements="27" conditionals="0" coveredstatements="27"/>
            </class>
            <line complexity="1" visibility="public" signature="test_makeCoords() : void" num="10" count="1" type="method"/>
            <line num="12" count="1" type="stmt"/>
            <line num="13" count="1" type="stmt"/>
            <line num="14" count="1" type="stmt"/>
            <line num="15" count="1" type="stmt"/>
            <line num="16" count="1" type="stmt"/>
            <line num="17" count="1" type="stmt"/>
            <line num="18" count="1" type="stmt"/>
            <line num="19" count="1" type="stmt"/>
            <line num="20" count="1" type="stmt"/>
            <line num="21" count="1" type="stmt"/>
            <line num="22" count="1" type="stmt"/>
            <line num="23" count="1" type="stmt"/>
            <line complexity="1" visibility="public" signature="testRectangleShipConstructor() : void" num="28" count="1" type="method"/>
            <line num="30" count="1" type="stmt"/>
            <line num="31" count="1" type="stmt"/>
            <line num="32" count="1" type="stmt"/>
            <line num="33" count="1" type="stmt"/>
            <line num="35" count="1" type="stmt"/>
            <line num="36" count="1" type="stmt"/>
            <line num="37" count="1" type="stmt"/>
            <line num="38" count="1" type="stmt"/>
            <line num="39" count="1" type="stmt"/>
            <line num="40" count="1" type="stmt"/>
            <line num="41" count="1" type="stmt"/>
            <line num="46" count="1" type="stmt"/>
            <line num="47" count="1" type="stmt"/>
            <line num="49" count="1" type="stmt"/>
            <line num="50" count="1" type="stmt"/>
         </file>
         <file path="/Users/zxg/University/Graduate/ECE651/ECE651_homework/s24-hwk2-Zixu-Geng/app/src/test/java/edu/duke/zg73/battleship/V1ShipFactoryTest.java" name="V1ShipFactoryTest.java">
[...]
            <class name="AppTest">
               <metrics coveredelements="76" coveredconditionals="0" complexity="5" coveredmethods="5" methods="5" elements="76" statements="71" conditionals="0" coveredstatements="71"/>
            </class>
            <line complexity="1" visibility="package" signature="test_main() : void" num="19" count="1" type="method"/>
            <line num="22" count="1" type="stmt"/>
            <line num="23" count="1" type="stmt"/>
            <line num="24" count="1" type="stmt"/>
            <line num="25" count="1" type="stmt"/>
            <line num="26" count="1" type="stmt"/>
            <line num="28" count="1" type="stmt"/>
            <line num="29" count="1" type="stmt"/>
            <line num="30" count="1" type="stmt"/>
            <line num="33" count="1" type="stmt"/>
            <line num="35" count="1" type="stmt"/>
            <line num="36" count="1" type="stmt"/>
            <line num="37" count="1" type="stmt"/>
            <line num="40" count="1" type="stmt"/>
            <line num="41" count="1" type="stmt"/>
            <line num="44" count="1" type="stmt"/>
            <line num="45" count="1" type="stmt"/>
            <line num="47" count="1" type="stmt"/>
            <line complexity="1" visibility="package" signature="test_main2() : void" num="50" count="1" type="method"/>
            <line num="53" count="1" type="stmt"/>
            <line num="54" count="1" type="stmt"/>
            <line num="55" count="1" type="stmt"/>
            <line num="56" count="1" type="stmt"/>
            <line num="57" count="1" type="stmt"/>
            <line num="59" count="1" type="stmt"/>
            <line num="60" count="1" type="stmt"/>
            <line num="61" count="1" type="stmt"/>
            <line num="64" count="1" type="stmt"/>
            <line num="66" count="1" type="stmt"/>
            <line num="67" count="1" type="stmt"/>
            <line num="68" count="1" type="stmt"/>
            <line num="71" count="1" type="stmt"/>
            <line num="72" count="1" type="stmt"/>
            <line complexity="1" visibility="package" signature="test_main3() : void" num="79" count="1" type="method"/>
            <line num="82" count="1" type="stmt"/>
            <line num="83" count="1" type="stmt"/>
            <line num="84" count="1" type="stmt"/>
            <line num="85" count="1" type="stmt"/>
            <line num="86" count="1" type="stmt"/>
            <line num="88" count="1" type="stmt"/>
            <line num="89" count="1" type="stmt"/>
            <line num="90" count="1" type="stmt"/>
            <line num="93" count="1" type="stmt"/>
            <line num="95" count="1" type="stmt"/>
            <line num="96" count="1" type="stmt"/>
            <line num="97" count="1" type="stmt"/>
            <line num="100" count="1" type="stmt"/>
            <line num="101" count="1" type="stmt"/>
            <line complexity="1" visibility="package" signature="test_main4() : void" num="108" count="1" type="method"/>
            <line num="111" count="1" type="stmt"/>
            <line num="112" count="1" type="stmt"/>
            <line num="113" count="1" type="stmt"/>
            <line num="114" count="1" type="stmt"/>
            <line num="115" count="1" type="stmt"/>
            <line num="118" count="1" type="stmt"/>
            <line num="119" count="1" type="stmt"/>
            <line num="122" count="1" type="stmt"/>
            <line num="124" count="1" type="stmt"/>
            <line num="125" count="1" type="stmt"/>
            <line num="126" count="1" type="stmt"/>
            <line num="129" count="1" type="stmt"/>
            <line num="130" count="1" type="stmt"/>
            <line complexity="1" visibility="package" signature="test_main5() : void" num="137" count="1" type="method"/>
            <line num="140" count="1" type="stmt"/>
            <line num="141" count="1" type="stmt"/>
            <line num="142" count="1" type="stmt"/>
            <line num="143" count="1" type="stmt"/>
            <line num="144" count="1" type="stmt"/>
            <line num="147" count="1" type="stmt"/>
            <line num="148" count="1" type="stmt"/>
            <line num="151" count="1" type="stmt"/>
            <line num="153" count="1" type="stmt"/>
            <line num="154" count="1" type="stmt"/>
            <line num="155" count="1" type="stmt"/>
            <line num="158" count="1" type="stmt"/>
            <line num="159" count="1" type="stmt"/>
         </file>
         <file path="/Users/zxg/University/Graduate/ECE651/ECE651_homework/s24-hwk2-Zixu-Geng/app/src/test/java/edu/duke/zg73/battleship/BoardTextViewTest.java" name="BoardTextViewTest.java">
            <metrics coveredelements="32" coveredconditionals="0" complexity="6" loc="90" coveredmethods="6" methods="6" elements="32" classes="1" ncloc="71" statements="26" conditionals="0" coveredstatements="26"/>
            <class name="BoardTextViewTest">
               <metrics coveredelements="32" coveredconditionals="0" complexity="6" coveredmethods="6" methods="6" elements="32" statements="26" conditionals="0" coveredstatements="26"/>
            </class>
            <line complexity="1" visibility="private" signature="emptyBoardHelper(int,int,String,String) : void" num="8" count="3" type="method"/>
            <line num="9" count="3" type="stmt"/>
            <line num="10" count="3" type="stmt"/>
            <line num="11" count="3" type="stmt"/>
            <line num="12" count="3" type="stmt"/>
            <line num="13" count="3" type="stmt"/>
            <line complexity="1" visibility="public" signature="test_display_empty() : void" num="16" count="1" type="method"/>
            <line num="18" count="1" type="stmt"/>
            <line num="19" count="1" type="stmt"/>
            <line num="20" count="1" type="stmt"/>
            <line complexity="1" visibility="public" signature="test_invalid_board_size() : void" num="24" count="1" type="method"/>
            <line num="26" count="1" type="stmt"/>
            <line num="27" count="1" type="stmt"/>
            <line num="28" count="1" type="stmt"/>
            <line num="29" count="1" type="stmt"/>
            <line complexity="1" visibility="private" signature="boardWithShipsHelper(int,int,String,Ship&lt;Character&gt;) : void" num="32" count="1" type="method"/>
            <line num="33" count="1" type="stmt"/>
            <line num="34" count="1" type="stmt"/>
            <line num="35" count="2" type="stmt"/>
            <line num="37" count="1" type="stmt"/>
            <line num="38" count="1" type="stmt"/>
            <line complexity="1" visibility="public" signature="test_display_with_ships() : void" num="40" count="1" type="method"/>
            <line num="44" count="1" type="stmt"/>
            <line num="45" count="1" type="stmt"/>
            <line num="47" count="1" type="stmt"/>
            <line complexity="1" visibility="public" signature="test_displayMyboardWithEnemyNextToIt() : void" num="51" count="1" type="method"/>
            <line num="53" count="1" type="stmt"/>
            <line num="54" count="1" type="stmt"/>
            <line num="55" count="1" type="stmt"/>
            <line num="56" count="1" type="stmt"/>
            <line num="58" count="1" type="stmt"/>
            <line num="84" count="1" type="stmt"/>
         </file>
         <file path="/Users/zxg/University/Graduate/ECE651/ECE651_homework/s24-hwk2-Zixu-Geng/app/src/test/java/edu/duke/zg73/battleship/InBoundsRuleCheckerTest.java" name="InBoundsRuleCheckerTest.java">
            <metrics coveredelements="19" coveredconditionals="0" complexity="1" loc="39" coveredmethods="1" methods="1" elements="19" classes="1" ncloc="26" statements="18" conditionals="0" coveredstatements="18"/>
            <class name="InBoundsRuleCheckerTest">
               <metrics coveredelements="19" coveredconditionals="0" complexity="1" coveredmethods="1" methods="1" elements="19" statements="18" conditionals="0" coveredstatements="18"/>
            </class>
            <line complexity="1" visibility="public" signature="test_InBoundRuleChecker() : void" num="9" count="1" type="method"/>
            <line num="11" count="1" type="stmt"/>
            <line num="12" count="1" type="stmt"/>
            <line num="13" count="1" type="stmt"/>
            <line num="15" count="1" type="stmt"/>
            <line num="16" count="1" type="stmt"/>
            <line num="17" count="1" type="stmt"/>
            <line num="19" count="1" type="stmt"/>
            <line num="20" count="1" type="stmt"/>
            <line num="21" count="1" type="stmt"/>
            <line num="23" count="1" type="stmt"/>
            <line num="24" count="1" type="stmt"/>
            <line num="25" count="1" type="stmt"/>
            <line num="27" count="1" type="stmt"/>
            <line num="28" count="1" type="stmt"/>
            <line num="29" count="1" type="stmt"/>
            <line num="31" count="1" type="stmt"/>
            <line num="32" count="1" type="stmt"/>
            <line num="33" count="1" type="stmt"/>
         </file>
         <file path="/Users/zxg/University/Graduate/ECE651/ECE651_homework/s24-hwk2-Zixu-Geng/app/src/test/java/edu/duke/zg73/battleship/NoCollisionRuleCheckerTest.java" name="NoCollisionRuleCheckerTest.java">
            <metrics coveredelements="13" coveredconditionals="0" complexity="1" loc="32" coveredmethods="1" methods="1" elements="13" classes="1" ncloc="19" statements="12" conditionals="0" coveredstatements="12"/>
            <class name="NoCollisionRuleCheckerTest">
               <metrics coveredelements="13" coveredconditionals="0" complexity="1" coveredmethods="1" methods="1" elements="13" statements="12" conditionals="0" coveredstatements="12"/>
            </class>
            <line complexity="1" visibility="public" signature="test_NoCollisionChecker() : void" num="8" count="1" type="method"/>
            <line num="10" count="1" type="stmt"/>
            <line num="11" count="1" type="stmt"/>
            <line num="12" count="1" type="stmt"/>
            <line num="13" count="1" type="stmt"/>
            <line num="15" count="1" type="stmt"/>
            <line num="16" count="1" type="stmt"/>
            <line num="18" count="1" type="stmt"/>
            <line num="20" count="1" type="stmt"/>
            <line num="23" count="1" type="stmt"/>
            <line num="24" count="1" type="stmt"/>
            <line num="27" count="1" type="stmt"/>
            <line num="28" count="1" type="stmt"/>
         </file>
         <file path="/Users/zxg/University/Graduate/ECE651/ECE651_homework/s24-hwk2-Zixu-Geng/app/src/test/java/edu/duke/zg73/battleship/BattleShipBoardTest.java" name="BattleShipBoardTest.java">
            <metrics coveredelements="82" coveredconditionals="4" complexity="12" loc="179" coveredmethods="10" methods="10" elements="82" classes="1" ncloc="137" statements="68" conditionals="4" coveredstatements="68"/>
            <class name="BattleShipBoardTest">
               <metrics coveredelements="82" coveredconditionals="4" complexity="12" coveredmethods="10" methods="10" elements="82" statements="68" conditionals="4" coveredstatements="68"/>
            </class>
            <line complexity="1" visibility="public" signature="test_width_and_height() : void" num="9" count="1" type="method"/>
            <line num="11" count="1" type="stmt"/>
            <line num="12" count="1" type="stmt"/>
            <line num="13" count="1" type="stmt"/>
            <line complexity="1" visibility="public" signature="test_invalid_dimensions() : void" num="15" count="1" type="method"/>
            <line num="17" count="1" type="stmt"/>
            <line num="18" count="1" type="stmt"/>
            <line num="19" count="1" type="stmt"/>
            <line num="20" count="1" type="stmt"/>
            <line complexity="3" visibility="private" signature="checkWhatIsAtBoard(BattleShipBoard&lt;T&gt;,T[][]) : void" num="25" count="4" type="method"/>
            <line num="26" count="4" type="stmt"/>
            <line falsecount="4" truecount="40" num="26" type="cond"/>
            <line num="27" count="40" type="stmt"/>
            <line falsecount="40" truecount="800" num="27" type="cond"/>
            <line num="30" count="800" type="stmt"/>
            <line complexity="1" visibility="public" signature="test_board_empty() : void" num="36" count="1" type="method"/>
            <line num="38" count="1" type="stmt"/>
            <line num="40" count="1" type="stmt"/>
            <line num="41" count="1" type="stmt"/>
            <line complexity="1" visibility="public" signature="test_board_ship() : void" num="44" count="1" type="method"/>
            <line num="46" count="1" type="stmt"/>
            <line num="48" count="1" type="stmt"/>
            <line num="50" count="1" type="stmt"/>
            <line num="51" count="1" type="stmt"/>
            <line num="52" count="1" type="stmt"/>
            <line complexity="1" visibility="public" signature="test_Ship_Array() : void" num="56" count="1" type="method"/>
            <line num="58" count="1" type="stmt"/>
            <line num="59" count="1" type="stmt"/>
            <line num="60" count="1" type="stmt"/>
            <line num="62" count="1" type="stmt"/>
            <line num="64" count="1" type="stmt"/>
            <line num="65" count="1" type="stmt"/>
            <line num="66" count="1" type="stmt"/>
            <line complexity="1" visibility="public" signature="test_fireAt() : void" num="70" count="1" type="method"/>
            <line num="72" count="1" type="stmt"/>
            <line num="73" count="1" type="stmt"/>
            <line num="74" count="1" type="stmt"/>
            <line num="75" count="1" type="stmt"/>
            <line num="76" count="1" type="stmt"/>
            <line num="78" count="1" type="stmt"/>
            <line num="92" count="1" type="stmt"/>
            <line num="93" count="1" type="stmt"/>
            <line num="94" count="1" type="stmt"/>
            <line num="95" count="1" type="stmt"/>
            <line num="96" count="1" type="stmt"/>
            <line num="97" count="1" type="stmt"/>
            <line num="98" count="1" type="stmt"/>
            <line complexity="1" visibility="public" signature="test_V2Factory() : void" num="102" count="1" type="method"/>
            <line num="105" count="1" type="stmt"/>
            <line num="106" count="1" type="stmt"/>
            <line num="107" count="1" type="stmt"/>
            <line num="109" count="1" type="stmt"/>
            <line num="110" count="1" type="stmt"/>
            <line num="113" count="1" type="stmt"/>
            <line num="119" count="1" type="stmt"/>
            <line num="122" count="1" type="stmt"/>
            <line num="123" count="1" type="stmt"/>
            <line num="124" count="1" type="stmt"/>
            <line num="125" count="1" type="stmt"/>
            <line num="131" count="1" type="stmt"/>
            <line num="132" count="1" type="stmt"/>
            <line complexity="1" visibility="public" signature="test_enemydisplay() : void" num="135" count="1" type="method"/>
            <line num="137" count="1" type="stmt"/>
            <line num="138" count="1" type="stmt"/>
            <line num="139" count="1" type="stmt"/>
            <line num="140" count="1" type="stmt"/>
            <line num="141" count="1" type="stmt"/>
            <line num="143" count="1" type="stmt"/>
            <line num="150" count="1" type="stmt"/>
            <line num="152" count="1" type="stmt"/>
            <line num="154" count="1" type="stmt"/>
            <line num="160" count="1" type="stmt"/>
            <line complexity="1" visibility="public" signature="test_what_is_at_enemy() : void" num="164" count="1" type="method"/>
            <line num="166" count="1" type="stmt"/>
            <line num="167" count="1" type="stmt"/>
            <line num="168" count="1" type="stmt"/>
            <line num="169" count="1" type="stmt"/>
            <line num="170" count="1" type="stmt"/>
            <line num="171" count="1" type="stmt"/>
            <line num="172" count="1" type="stmt"/>
         </file>
         <file path="/Users/zxg/University/Graduate/ECE651/ECE651_homework/s24-hwk2-Zixu-Geng/app/src/test/java/edu/duke/zg73/battleship/CoordinateTest.java" name="CoordinateTest.java">
            <metrics coveredelements="44" coveredconditionals="0" complexity="4" loc="66" coveredmethods="4" methods="4" elements="44" classes="1" ncloc="56" statements="40" conditionals="0" coveredstatements="40"/>
            <class name="CoordinateTest">
               <metrics coveredelements="44" coveredconditionals="0" complexity="4" coveredmethods="4" methods="4" elements="44" statements="40" conditionals="0" coveredstatements="40"/>
            </class>
            <line complexity="1" visibility="public" signature="test_equals() : void" num="9" count="1" type="method"/>
            <line num="11" count="1" type="stmt"/>
            <line num="12" count="1" type="stmt"/>
            <line num="13" count="1" type="stmt"/>
            <line num="14" count="1" type="stmt"/>
            <line num="15" count="1" type="stmt"/>
            <line num="16" count="1" type="stmt"/>
            <line num="17" count="1" type="stmt"/>
            <line num="18" count="1" type="stmt"/>
            <line num="19" count="1" type="stmt"/>
            <line num="20" count="1" type="stmt"/>
            <line complexity="1" visibility="public" signature="test_hashCode() : void" num="23" count="1" type="method"/>
            <line num="25" count="1" type="stmt"/>
            <line num="26" count="1" type="stmt"/>
            <line num="27" count="1" type="stmt"/>
            <line num="28" count="1" type="stmt"/>
            <line num="29" count="1" type="stmt"/>
            <line num="30" count="1" type="stmt"/>
            <line num="31" count="1" type="stmt"/>
            <line complexity="1" visibility="public" signature="test_string_constructor_valid_cases() : void" num="34" count="1" type="method"/>
            <line num="36" count="1" type="stmt"/>
            <line num="37" count="1" type="stmt"/>
            <line num="38" count="1" type="stmt"/>
            <line num="39" count="1" type="stmt"/>
            <line num="40" count="1" type="stmt"/>
            <line num="41" count="1" type="stmt"/>
            <line num="42" count="1" type="stmt"/>
            <line num="43" count="1" type="stmt"/>
            <line num="44" count="1" type="stmt"/>
            <line num="45" count="1" type="stmt"/>
            <line num="46" count="1" type="stmt"/>
            <line num="47" count="1" type="stmt"/>
            <line num="49" count="1" type="stmt"/>
            <line num="50" count="1" type="stmt"/>
            <line num="51" count="1" type="stmt"/>
            <line complexity="1" visibility="public" signature="test_string_constructor_error_cases() : void" num="54" count="1" type="method"/>
            <line num="57" count="1" type="stmt"/>
            <line num="58" count="1" type="stmt"/>
            <line num="59" count="1" type="stmt"/>
            <line num="60" count="1" type="stmt"/>
            <line num="61" count="1" type="stmt"/>
            <line num="62" count="1" type="stmt"/>
            <line num="63" count="1" type="stmt"/>
            <line num="64" count="1" type="stmt"/>
         </file>
      </package>
   </project>
   <testproject name="app" timestamp="1712000347694">
      <metrics coveredelements="0" complexity="0" loc="0" methods="0" classes="0" statements="0" packages="0" coveredconditionals="0" coveredmethods="0" elements="0" ncloc="0" files="0" conditionals="0" coveredstatements="0"/>
   </testproject>
</coverage>